Starting server
Initializing Users list
loading data for all users
Fetching data from the DB for user ambrish
User data loaded for user ambrish
Fetching data from the DB for user sagar
User data loaded for user sagar
done reading data
Finish initializing user list

----Server Started -----   Fri Dec 16 13:45:00 IST 2011
Sign in request from : sagar
Validating : sagar
Fetching data from the DB for user sagar
User data loaded for user sagar
Login successful
Calling status updater to update user status to other user about new user status status
Returning all user list to the user
Loading offline messages for user sagar
Offline messages not found for user sagar
Sign in request from : ambrish
Validating : ambrish
Fetching data from the DB for user ambrish
User data loaded for user ambrish
Login successful
Calling status updater to update user status to other user about new user status status
Returning all user list to the user
Loading offline messages for user ambrish
Offline messages not found for user ambrish
Received message from: ambrish
Message for: {sagar}
Calling invoker to dispatch message
Sending message to sagar
Message contents : [ambrish] -> Hello

Failed to sent message to the client, assuming client as offline, writing message to media
Error writing offline messageoffline_messages\sagar_off.msg (The system cannot find the path specified)
Received message from: sagar
Message for: {ambrish}
Calling invoker to dispatch message
Sending message to ambrish
Message contents : [sagar] -> Hi

Failed to sent message to the client, assuming client as offline, writing message to media
Error writing offline messageoffline_messages\ambrish_off.msg (The system cannot find the path specified)
