Starting server
Initializing Users list
loading data for all users
Fetching data from the DB for user ambrish
User data loaded for user ambrish
Fetching data from the DB for user sagar
User data loaded for user sagar
done reading data
Finish initializing user list

----Server Started -----   Fri Dec 16 13:40:22 IST 2011
Sign in request from : sagar
Validating : sagar
Fetching data from the DB for user sagar
User data loaded for user sagar
Login successful
Calling status updater to update user status to other user about new user status status
Returning all user list to the user
Loading offline messages for user sagar
Offline messages not found for user sagar
Sign in request from : ambrish
Validating : ambrish
Fetching data from the DB for user ambrish
User data loaded for user ambrish
Login successful
Calling status updater to update user status to other user about new user status status
Returning all user list to the user
Loading offline messages for user ambrish
Offline messages not found for user ambrish
